This is pdfTeX, Version 3.141592653-2.6-1.40.24 (TeX Live 2022) (preloaded format=pdflatex 2023.3.13)  27 JUN 2024 17:07
entering extended mode
 restricted \write18 enabled.
 file:line:error style messages enabled.
 %&-line parsing enabled.
**/Volumes/Work/Reports-MPC/MPC_Tuning/Report/main.tex
(/Volumes/Work/Reports-MPC/MPC_Tuning/Report/main.tex
LaTeX2e <2021-11-15> patch level 1
L3 programming layer <2022-02-24> (/usr/local/texlive/2022/texmf-dist/tex/latex/base/article.cls
Document Class: article 2021/10/04 v1.4n Standard LaTeX document class
(/usr/local/texlive/2022/texmf-dist/tex/latex/base/size10.clo
File: size10.clo 2021/10/04 v1.4n Standard LaTeX file (size option)
)
\c@part=\count185
\c@section=\count186
\c@subsection=\count187
\c@subsubsection=\count188
\c@paragraph=\count189
\c@subparagraph=\count190
\c@figure=\count191
\c@table=\count192
\abovecaptionskip=\skip47
\belowcaptionskip=\skip48
\bibindent=\dimen138
) (/usr/local/texlive/2022/texmf-dist/tex/latex/base/inputenc.sty
Package: inputenc 2021/02/14 v1.3d Input encoding file
\inpenc@prehook=\toks16
\inpenc@posthook=\toks17
) (/usr/local/texlive/2022/texmf-dist/tex/latex/base/fontenc.sty
Package: fontenc 2021/04/29 v2.0v Standard LaTeX package
) (/usr/local/texlive/2022/texmf-dist/tex/latex/graphics/graphicx.sty
Package: graphicx 2021/09/16 v1.2d Enhanced LaTeX Graphics (DPC,SPQR)
 (/usr/local/texlive/2022/texmf-dist/tex/latex/graphics/keyval.sty
Package: keyval 2014/10/28 v1.15 key=value parser (DPC)
\KV@toks@=\toks18
) (/usr/local/texlive/2022/texmf-dist/tex/latex/graphics/graphics.sty
Package: graphics 2021/03/04 v1.4d Standard LaTeX Graphics (DPC,SPQR)
 (/usr/local/texlive/2022/texmf-dist/tex/latex/graphics/trig.sty
Package: trig 2021/08/11 v1.11 sin cos tan (DPC)
) (/usr/local/texlive/2022/texmf-dist/tex/latex/graphics-cfg/graphics.cfg
File: graphics.cfg 2016/06/04 v1.11 sample graphics configuration
)
Package graphics Info: Driver file: pdftex.def on input line 107.
 (/usr/local/texlive/2022/texmf-dist/tex/latex/graphics-def/pdftex.def
File: pdftex.def 2020/10/05 v1.2a Graphics/color driver for pdftex
))
\Gin@req@height=\dimen139
\Gin@req@width=\dimen140
) (/usr/local/texlive/2022/texmf-dist/tex/latex/grffile/grffile.sty
Package: grffile 2019/11/11 v2.1 Extended file name support for graphics (legacy)
Package grffile Info: This package is an empty stub for compatibility on input line 40.
) (/usr/local/texlive/2022/texmf-dist/tex/latex/tools/longtable.sty
Package: longtable 2021-09-01 v4.17 Multi-page Table package (DPC)
\LTleft=\skip49
\LTright=\skip50
\LTpre=\skip51
\LTpost=\skip52
\LTchunksize=\count193
\LTcapwidth=\dimen141
\LT@head=\box50
\LT@firsthead=\box51
\LT@foot=\box52
\LT@lastfoot=\box53
\LT@gbox=\box54
\LT@cols=\count194
\LT@rows=\count195
\c@LT@tables=\count196
\c@LT@chunks=\count197
\LT@p@ftn=\toks19
) (/usr/local/texlive/2022/texmf-dist/tex/latex/wrapfig/wrapfig.sty
\wrapoverhang=\dimen142
\WF@size=\dimen143
\c@WF@wrappedlines=\count198
\WF@box=\box55
\WF@everypar=\toks20
Package: wrapfig 2003/01/31  v 3.6
) (/usr/local/texlive/2022/texmf-dist/tex/latex/graphics/rotating.sty
Package: rotating 2016/08/11 v2.16d rotated objects in LaTeX
 (/usr/local/texlive/2022/texmf-dist/tex/latex/base/ifthen.sty
Package: ifthen 2020/11/24 v1.1c Standard LaTeX ifthen package (DPC)
)
\c@r@tfl@t=\count199
\rotFPtop=\skip53
\rotFPbot=\skip54
\rot@float@box=\box56
\rot@mess@toks=\toks21
) (/usr/local/texlive/2022/texmf-dist/tex/generic/ulem/ulem.sty
\UL@box=\box57
\UL@hyphenbox=\box58
\UL@skip=\skip55
\UL@hook=\toks22
\UL@height=\dimen144
\UL@pe=\count266
\UL@pixel=\dimen145
\ULC@box=\box59
Package: ulem 2019/11/18
\ULdepth=\dimen146
) (/usr/local/texlive/2022/texmf-dist/tex/latex/amsmath/amsmath.sty
Package: amsmath 2021/10/15 v2.17l AMS math features
\@mathmargin=\skip56

For additional information on amsmath, use the `?' option.
(/usr/local/texlive/2022/texmf-dist/tex/latex/amsmath/amstext.sty
Package: amstext 2021/08/26 v2.01 AMS text
 (/usr/local/texlive/2022/texmf-dist/tex/latex/amsmath/amsgen.sty
File: amsgen.sty 1999/11/30 v2.0 generic functions
\@emptytoks=\toks23
\ex@=\dimen147
)) (/usr/local/texlive/2022/texmf-dist/tex/latex/amsmath/amsbsy.sty
Package: amsbsy 1999/11/29 v1.2d Bold Symbols
\pmbraise@=\dimen148
) (/usr/local/texlive/2022/texmf-dist/tex/latex/amsmath/amsopn.sty
Package: amsopn 2021/08/26 v2.02 operator names
)
\inf@bad=\count267
LaTeX Info: Redefining \frac on input line 234.
\uproot@=\count268
\leftroot@=\count269
LaTeX Info: Redefining \overline on input line 399.
\classnum@=\count270
\DOTSCASE@=\count271
LaTeX Info: Redefining \ldots on input line 496.
LaTeX Info: Redefining \dots on input line 499.
LaTeX Info: Redefining \cdots on input line 620.
\Mathstrutbox@=\box60
\strutbox@=\box61
\big@size=\dimen149
LaTeX Font Info:    Redeclaring font encoding OML on input line 743.
LaTeX Font Info:    Redeclaring font encoding OMS on input line 744.
\macc@depth=\count272
\c@MaxMatrixCols=\count273
\dotsspace@=\muskip16
\c@parentequation=\count274
\dspbrk@lvl=\count275
\tag@help=\toks24
\row@=\count276
\column@=\count277
\maxfields@=\count278
\andhelp@=\toks25
\eqnshift@=\dimen150
\alignsep@=\dimen151
\tagshift@=\dimen152
\tagwidth@=\dimen153
\totwidth@=\dimen154
\lineht@=\dimen155
\@envbody=\toks26
\multlinegap=\skip57
\multlinetaggap=\skip58
\mathdisplay@stack=\toks27
LaTeX Info: Redefining \[ on input line 2938.
LaTeX Info: Redefining \] on input line 2939.
) (/usr/local/texlive/2022/texmf-dist/tex/latex/base/textcomp.sty
Package: textcomp 2020/02/02 v2.0n Standard LaTeX package
) (/usr/local/texlive/2022/texmf-dist/tex/latex/amsfonts/amssymb.sty
Package: amssymb 2013/01/14 v3.01 AMS font symbols
 (/usr/local/texlive/2022/texmf-dist/tex/latex/amsfonts/amsfonts.sty
Package: amsfonts 2013/01/14 v3.01 Basic AMSFonts support
\symAMSa=\mathgroup4
\symAMSb=\mathgroup5
LaTeX Font Info:    Redeclaring math symbol \hbar on input line 98.
LaTeX Font Info:    Overwriting math alphabet `\mathfrak' in version `bold'
(Font)                  U/euf/m/n --> U/euf/b/n on input line 106.
)) (/usr/local/texlive/2022/texmf-dist/tex/latex/capt-of/capt-of.sty
Package: capt-of 2009/12/29 v0.2 standard captions outside of floats
) (/usr/local/texlive/2022/texmf-dist/tex/latex/natbib/natbib.sty
Package: natbib 2010/09/13 8.31b (PWD, AO)
\bibhang=\skip59
\bibsep=\skip60
LaTeX Info: Redefining \cite on input line 694.
\c@NAT@ctr=\count279
) (/usr/local/texlive/2022/texmf-dist/tex/latex/caption/subcaption.sty
Package: subcaption 2022/01/07 v1.5 Sub-captions (AR)
 (/usr/local/texlive/2022/texmf-dist/tex/latex/caption/caption.sty
Package: caption 2022/03/01 v3.6b Customizing captions (AR)
 (/usr/local/texlive/2022/texmf-dist/tex/latex/caption/caption3.sty
Package: caption3 2022/03/17 v2.3b caption3 kernel (AR)
\caption@tempdima=\dimen156
\captionmargin=\dimen157
\caption@leftmargin=\dimen158
\caption@rightmargin=\dimen159
\caption@width=\dimen160
\caption@indent=\dimen161
\caption@parindent=\dimen162
\caption@hangindent=\dimen163
Package caption Info: Standard document class detected.
)
\c@caption@flags=\count280
\c@continuedfloat=\count281
Package caption Info: longtable package is loaded.
 (/usr/local/texlive/2022/texmf-dist/tex/latex/caption/ltcaption.sty
Package: ltcaption 2021/01/08 v1.4c longtable captions (AR)
)
Package caption Info: rotating package is loaded.
Package caption Info: wrapfig package is loaded.
)
\c@subfigure=\count282
\c@subtable=\count283
) (/usr/local/texlive/2022/texmf-dist/tex/latex/hyperref/hyperref.sty
Package: hyperref 2022-02-21 v7.00n Hypertext links for LaTeX
 (/usr/local/texlive/2022/texmf-dist/tex/generic/ltxcmds/ltxcmds.sty
Package: ltxcmds 2020-05-10 v1.25 LaTeX kernel commands for general use (HO)
) (/usr/local/texlive/2022/texmf-dist/tex/generic/iftex/iftex.sty
Package: iftex 2022/02/03 v1.0f TeX engine tests
) (/usr/local/texlive/2022/texmf-dist/tex/generic/pdftexcmds/pdftexcmds.sty
Package: pdftexcmds 2020-06-27 v0.33 Utility functions of pdfTeX for LuaTeX (HO)
 (/usr/local/texlive/2022/texmf-dist/tex/generic/infwarerr/infwarerr.sty
Package: infwarerr 2019/12/03 v1.5 Providing info/warning/error messages (HO)
)
Package pdftexcmds Info: \pdf@primitive is available.
Package pdftexcmds Info: \pdf@ifprimitive is available.
Package pdftexcmds Info: \pdfdraftmode found.
) (/usr/local/texlive/2022/texmf-dist/tex/generic/kvsetkeys/kvsetkeys.sty
Package: kvsetkeys 2019/12/15 v1.18 Key value parser (HO)
) (/usr/local/texlive/2022/texmf-dist/tex/generic/kvdefinekeys/kvdefinekeys.sty
Package: kvdefinekeys 2019-12-19 v1.6 Define keys (HO)
) (/usr/local/texlive/2022/texmf-dist/tex/generic/pdfescape/pdfescape.sty
Package: pdfescape 2019/12/09 v1.15 Implements pdfTeX's escape features (HO)
) (/usr/local/texlive/2022/texmf-dist/tex/latex/hycolor/hycolor.sty
Package: hycolor 2020-01-27 v1.10 Color options for hyperref/bookmark (HO)
) (/usr/local/texlive/2022/texmf-dist/tex/latex/letltxmacro/letltxmacro.sty
Package: letltxmacro 2019/12/03 v1.6 Let assignment for LaTeX macros (HO)
) (/usr/local/texlive/2022/texmf-dist/tex/latex/auxhook/auxhook.sty
Package: auxhook 2019-12-17 v1.6 Hooks for auxiliary files (HO)
) (/usr/local/texlive/2022/texmf-dist/tex/latex/kvoptions/kvoptions.sty
Package: kvoptions 2020-10-07 v3.14 Key value format for package options (HO)
)
\@linkdim=\dimen164
\Hy@linkcounter=\count284
\Hy@pagecounter=\count285
 (/usr/local/texlive/2022/texmf-dist/tex/latex/hyperref/pd1enc.def
File: pd1enc.def 2022-02-21 v7.00n Hyperref: PDFDocEncoding definition (HO)
Now handling font encoding PD1 ...
... no UTF-8 mapping file for font encoding PD1
) (/usr/local/texlive/2022/texmf-dist/tex/generic/intcalc/intcalc.sty
Package: intcalc 2019/12/15 v1.3 Expandable calculations with integers (HO)
) (/usr/local/texlive/2022/texmf-dist/tex/generic/etexcmds/etexcmds.sty
Package: etexcmds 2019/12/15 v1.7 Avoid name clashes with e-TeX commands (HO)
)
\Hy@SavedSpaceFactor=\count286
 (/usr/local/texlive/2022/texmf-dist/tex/latex/hyperref/puenc.def
File: puenc.def 2022-02-21 v7.00n Hyperref: PDF Unicode definition (HO)
Now handling font encoding PU ...
... no UTF-8 mapping file for font encoding PU
)
Package hyperref Info: Option `linktocpage' set `true' on input line 4018.
Package hyperref Info: Option `colorlinks' set `true' on input line 4018.
Package hyperref Info: Hyper figures OFF on input line 4137.
Package hyperref Info: Link nesting OFF on input line 4142.
Package hyperref Info: Hyper index ON on input line 4145.
Package hyperref Info: Plain pages OFF on input line 4152.
Package hyperref Info: Backreferencing OFF on input line 4157.
Package hyperref Info: Implicit mode ON; LaTeX internals redefined.
Package hyperref Info: Bookmarks ON on input line 4390.
\c@Hy@tempcnt=\count287
 (/usr/local/texlive/2022/texmf-dist/tex/latex/url/url.sty
\Urlmuskip=\muskip17
Package: url 2013/09/16  ver 3.4  Verb mode for urls, etc.
)
LaTeX Info: Redefining \url on input line 4749.
\XeTeXLinkMargin=\dimen165
 (/usr/local/texlive/2022/texmf-dist/tex/generic/bitset/bitset.sty
Package: bitset 2019/12/09 v1.3 Handle bit-vector datatype (HO)
 (/usr/local/texlive/2022/texmf-dist/tex/generic/bigintcalc/bigintcalc.sty
Package: bigintcalc 2019/12/15 v1.5 Expandable calculations on big integers (HO)
))
\Fld@menulength=\count288
\Field@Width=\dimen166
\Fld@charsize=\dimen167
Package hyperref Info: Hyper figures OFF on input line 6027.
Package hyperref Info: Link nesting OFF on input line 6032.
Package hyperref Info: Hyper index ON on input line 6035.
Package hyperref Info: backreferencing OFF on input line 6042.
Package hyperref Info: Link coloring ON on input line 6045.
Package hyperref Info: Link coloring with OCG OFF on input line 6052.
Package hyperref Info: PDF/A mode OFF on input line 6057.
LaTeX Info: Redefining \ref on input line 6097.
LaTeX Info: Redefining \pageref on input line 6101.
 (/usr/local/texlive/2022/texmf-dist/tex/latex/base/atbegshi-ltx.sty
Package: atbegshi-ltx 2021/01/10 v1.0c Emulation of the original atbegshi
package with kernel methods
)
\Hy@abspage=\count289
\c@Item=\count290
\c@Hfootnote=\count291
)
Package hyperref Info: Driver (autodetected): hpdftex.
 (/usr/local/texlive/2022/texmf-dist/tex/latex/hyperref/hpdftex.def
File: hpdftex.def 2022-02-21 v7.00n Hyperref driver for pdfTeX
 (/usr/local/texlive/2022/texmf-dist/tex/latex/base/atveryend-ltx.sty
Package: atveryend-ltx 2020/08/19 v1.0a Emulation of the original atveryend package
with kernel methods
)
\Fld@listcount=\count292
\c@bookmark@seq@number=\count293
 (/usr/local/texlive/2022/texmf-dist/tex/latex/rerunfilecheck/rerunfilecheck.sty
Package: rerunfilecheck 2019/12/05 v1.9 Rerun checks for auxiliary files (HO)
 (/usr/local/texlive/2022/texmf-dist/tex/generic/uniquecounter/uniquecounter.sty
Package: uniquecounter 2019/12/15 v1.4 Provide unlimited unique counter (HO)
)
Package uniquecounter Info: New unique counter `rerunfilecheck' on input line 286.
)
\Hy@SectionHShift=\skip61
) (/usr/local/texlive/2022/texmf-dist/tex/latex/geometry/geometry.sty
Package: geometry 2020/01/02 v5.9 Page Geometry
 (/usr/local/texlive/2022/texmf-dist/tex/generic/iftex/ifvtex.sty
Package: ifvtex 2019/10/25 v1.7 ifvtex legacy package. Use iftex instead.
)
\Gm@cnth=\count294
\Gm@cntv=\count295
\c@Gm@tempcnt=\count296
\Gm@bindingoffset=\dimen168
\Gm@wd@mp=\dimen169
\Gm@odd@mp=\dimen170
\Gm@even@mp=\dimen171
\Gm@layoutwidth=\dimen172
\Gm@layoutheight=\dimen173
\Gm@layouthoffset=\dimen174
\Gm@layoutvoffset=\dimen175
\Gm@dimlist=\toks28
)

Package geometry Warning: Over-specification in `h'-direction.
    `width' (483.69684pt) is ignored.


Package geometry Warning: Over-specification in `v'-direction.
    `height' (731.23582pt) is ignored.

(/usr/local/texlive/2022/texmf-dist/tex/generic/babel/babel.sty
Package: babel 2022/02/26 3.73 The Babel package
\babel@savecnt=\count297
\U@D=\dimen176
\l@unhyphenated=\language87
 (/usr/local/texlive/2022/texmf-dist/tex/generic/babel/txtbabel.def)
\bbl@readstream=\read2
\bbl@dirlevel=\count298
Package babel Info: You haven't specified a language. I'll use 'nil'
(babel)             as the main language. Reported on input line 4305.
 (/usr/local/texlive/2022/texmf-dist/tex/generic/babel/nil.ldf
Language: nil 2022/02/26 3.73 Nil language
\l@nil=\language88
))
\c@theorem=\count299
\c@corollary=\count300
\c@Proposition=\count301
\c@Remark=\count302
\c@Assumption=\count303
\c@Definition=\count304
 (/usr/local/texlive/2022/texmf-dist/tex/latex/l3backend/l3backend-pdftex.def
File: l3backend-pdftex.def 2022-02-07 L3 backend support: PDF output (pdfTeX)
\l__color_backend_stack_int=\count305
\l__pdf_internal_box=\box62
) (./main.aux)
\openout1 = `main.aux'.

LaTeX Font Info:    Checking defaults for OML/cmm/m/it on input line 58.
LaTeX Font Info:    ... okay on input line 58.
LaTeX Font Info:    Checking defaults for OMS/cmsy/m/n on input line 58.
LaTeX Font Info:    ... okay on input line 58.
LaTeX Font Info:    Checking defaults for OT1/cmr/m/n on input line 58.
LaTeX Font Info:    ... okay on input line 58.
LaTeX Font Info:    Checking defaults for T1/cmr/m/n on input line 58.
LaTeX Font Info:    ... okay on input line 58.
LaTeX Font Info:    Checking defaults for TS1/cmr/m/n on input line 58.
LaTeX Font Info:    ... okay on input line 58.
LaTeX Font Info:    Checking defaults for OMX/cmex/m/n on input line 58.
LaTeX Font Info:    ... okay on input line 58.
LaTeX Font Info:    Checking defaults for U/cmr/m/n on input line 58.
LaTeX Font Info:    ... okay on input line 58.
LaTeX Font Info:    Checking defaults for PD1/pdf/m/n on input line 58.
LaTeX Font Info:    ... okay on input line 58.
LaTeX Font Info:    Checking defaults for PU/pdf/m/n on input line 58.
LaTeX Font Info:    ... okay on input line 58.
 (/usr/local/texlive/2022/texmf-dist/tex/context/base/mkii/supp-pdf.mkii
[Loading MPS to PDF converter (version 2006.09.02).]
\scratchcounter=\count306
\scratchdimen=\dimen177
\scratchbox=\box63
\nofMPsegments=\count307
\nofMParguments=\count308
\everyMPshowfont=\toks29
\MPscratchCnt=\count309
\MPscratchDim=\dimen178
\MPnumerator=\count310
\makeMPintoPDFobject=\count311
\everyMPtoPDFconversion=\toks30
) (/usr/local/texlive/2022/texmf-dist/tex/latex/epstopdf-pkg/epstopdf-base.sty
Package: epstopdf-base 2020-01-24 v2.11 Base part for package epstopdf
Package epstopdf-base Info: Redefining graphics rule for `.eps' on input line 485.
 (/usr/local/texlive/2022/texmf-dist/tex/latex/latexconfig/epstopdf-sys.cfg
File: epstopdf-sys.cfg 2010/07/13 v1.3 Configuration of (r)epstopdf for TeX Live
))
Package caption Info: Begin \AtBeginDocument code.
Package caption Info: hyperref package is loaded.
Package caption Info: End \AtBeginDocument code.
 (/usr/local/texlive/2022/texmf-dist/tex/latex/graphics/color.sty
Package: color 2021/12/07 v1.3c Standard LaTeX Color (DPC)
 (/usr/local/texlive/2022/texmf-dist/tex/latex/graphics-cfg/color.cfg
File: color.cfg 2016/01/02 v1.6 sample color configuration
)
Package color Info: Driver file: pdftex.def on input line 149.
)
Package hyperref Info: Link coloring ON on input line 58.
 (/usr/local/texlive/2022/texmf-dist/tex/latex/hyperref/nameref.sty
Package: nameref 2021-04-02 v2.47 Cross-referencing by name of section
 (/usr/local/texlive/2022/texmf-dist/tex/latex/refcount/refcount.sty
Package: refcount 2019/12/15 v3.6 Data extraction from label references (HO)
) (/usr/local/texlive/2022/texmf-dist/tex/generic/gettitlestring/gettitlestring.sty
Package: gettitlestring 2019/12/15 v1.6 Cleanup title references (HO)
)
\c@section@level=\count312
)
LaTeX Info: Redefining \ref on input line 58.
LaTeX Info: Redefining \pageref on input line 58.
LaTeX Info: Redefining \nameref on input line 58.
 (./main.out) (./main.out)
\@outlinefile=\write3
\openout3 = `main.out'.


*geometry* driver: auto-detecting
*geometry* detected driver: pdftex
*geometry* verbose mode - [ preamble ] result:
* driver: pdftex
* paper: a4paper
* layout: <same size as paper>
* layoutoffset:(h,v)=(0.0pt,0.0pt)
* modes: 
* h-part:(L,W,R)=(28.45274pt, 512.14963pt, 56.9055pt)
* v-part:(T,H,B)=(56.9055pt, 731.23584pt, 56.9055pt)
* \paperwidth=597.50787pt
* \paperheight=845.04684pt
* \textwidth=512.14963pt
* \textheight=731.23584pt
* \oddsidemargin=-43.81725pt
* \evensidemargin=-43.81725pt
* \topmargin=-52.36449pt
* \headheight=12.0pt
* \headsep=25.0pt
* \topskip=10.0pt
* \footskip=30.0pt
* \marginparwidth=57.0pt
* \marginparsep=11.0pt
* \columnsep=10.0pt
* \skip\footins=9.0pt plus 4.0pt minus 2.0pt
* \hoffset=0.0pt
* \voffset=0.0pt
* \mag=1000
* \@twocolumnfalse
* \@twosidefalse
* \@mparswitchfalse
* \@reversemarginfalse
* (1in=72.27pt=25.4mm, 1cm=28.453pt)

LaTeX Font Info:    Trying to load font information for U+msa on input line 61.
(/usr/local/texlive/2022/texmf-dist/tex/latex/amsfonts/umsa.fd
File: umsa.fd 2013/01/14 v3.01 AMS symbols A
)
LaTeX Font Info:    Trying to load font information for U+msb on input line 61.
 (/usr/local/texlive/2022/texmf-dist/tex/latex/amsfonts/umsb.fd
File: umsb.fd 2013/01/14 v3.01 AMS symbols B
)

LaTeX Warning: No \author given.

(./main.toc)
\tf@toc=\write4
\openout4 = `main.toc'.

<figures/quantizer_additive_model.pdf, id=120, 87.48857pt x 42.26135pt>
File: figures/quantizer_additive_model.pdf Graphic file (type pdf)
<use figures/quantizer_additive_model.pdf>
Package pdftex.def Info: figures/quantizer_additive_model.pdf  used on input line 71.
(pdftex.def)             Requested size: 87.48834pt x 42.26123pt.
 [1

{/usr/local/texlive/2022/texmf-var/fonts/map/pdftex/updmap/pdftex.map} <./figures/quantizer_additive_model.pdf>]
Overfull \hbox (8.13074pt too wide) in paragraph at lines 78--84
\T1/cmr/m/n/10 through oversampling and feedback. The reconstruction filter is then used to attenuate the frequency-shaped quantisation
 []

<figures/noise_shaping2.pdf, id=143, 118.2907pt x 54.55174pt>
File: figures/noise_shaping2.pdf Graphic file (type pdf)
<use figures/noise_shaping2.pdf>
Package pdftex.def Info: figures/noise_shaping2.pdf  used on input line 89.
(pdftex.def)             Requested size: 177.43558pt x 81.82738pt.
<figures/noise_shaping_redrawn.pdf, id=144, 161.35622pt x 52.67679pt>
File: figures/noise_shaping_redrawn.pdf Graphic file (type pdf)
<use figures/noise_shaping_redrawn.pdf>
Package pdftex.def Info: figures/noise_shaping_redrawn.pdf  used on input line 96.
(pdftex.def)             Requested size: 242.0337pt x 79.01497pt.

Overfull \hbox (11.56795pt too wide) in paragraph at lines 96--97
 [][] 
 []

[2 <./figures/noise_shaping2.pdf> <./figures/noise_shaping_redrawn.pdf

pdfTeX warning: pdflatex (file ./figures/noise_shaping_redrawn.pdf): PDF inclusion: multiple pdfs with page group included in a single page
>]

LaTeX Warning: File `fig_stf_ntf/ntf_vs_freq.eps' not found on input line 224.

Package epstopdf Info: Source file: <fig_stf_ntf/ntf_vs_freq.eps>
(epstopdf)             Output file: <fig_stf_ntf/ntf_vs_freq-eps-converted-to.pdf>
(epstopdf)                    date: 2024-06-10 16:25:53
(epstopdf)                    size: 12013 bytes
(epstopdf)             Command: <repstopdf --outfile=fig_stf_ntf/ntf_vs_freq-eps-converted-to.pdf fig_stf_ntf/ntf_vs_freq.eps>
(epstopdf)             \includegraphics on input line 224.
Package epstopdf Info: Output file is already uptodate.
<fig_stf_ntf/ntf_vs_freq-eps-converted-to.pdf, id=168, 562.1pt x 421.575pt>
File: fig_stf_ntf/ntf_vs_freq-eps-converted-to.pdf Graphic file (type pdf)
<use fig_stf_ntf/ntf_vs_freq-eps-converted-to.pdf>
Package pdftex.def Info: fig_stf_ntf/ntf_vs_freq-eps-converted-to.pdf  used on input line 224.
(pdftex.def)             Requested size: 281.04932pt x 210.78697pt.

Overfull \hbox (50.58356pt too wide) in paragraph at lines 224--225
 [][] 
 []


LaTeX Warning: File `fig_stf_ntf/lpf_ntf_vs_freq.eps' not found on input line 231.

Package epstopdf Info: Source file: <fig_stf_ntf/lpf_ntf_vs_freq.eps>
(epstopdf)             Output file: <fig_stf_ntf/lpf_ntf_vs_freq-eps-converted-to.pdf>
(epstopdf)                    date: 2024-06-10 16:57:15
(epstopdf)                    size: 12436 bytes
(epstopdf)             Command: <repstopdf --outfile=fig_stf_ntf/lpf_ntf_vs_freq-eps-converted-to.pdf fig_stf_ntf/lpf_ntf_vs_freq.eps>
(epstopdf)             \includegraphics on input line 231.
Package epstopdf Info: Output file is already uptodate.
<fig_stf_ntf/lpf_ntf_vs_freq-eps-converted-to.pdf, id=169, 562.1pt x 421.575pt>
File: fig_stf_ntf/lpf_ntf_vs_freq-eps-converted-to.pdf Graphic file (type pdf)
<use fig_stf_ntf/lpf_ntf_vs_freq-eps-converted-to.pdf>
Package pdftex.def Info: fig_stf_ntf/lpf_ntf_vs_freq-eps-converted-to.pdf  used on input line 231.
(pdftex.def)             Requested size: 281.04932pt x 210.78697pt.

Overfull \hbox (50.58356pt too wide) in paragraph at lines 231--232
 [][] 
 []

[3 <./fig_stf_ntf/ntf_vs_freq-eps-converted-to.pdf> <./fig_stf_ntf/lpf_ntf_vs_freq-eps-converted-to.pdf>]
Package epstopdf Info: Source file: <plots/quant_err_butter_2nd_10k_1mhz_inl.eps>
(epstopdf)                    date: 2024-05-13 10:23:56
(epstopdf)                    size: 285771 bytes
(epstopdf)             Output file: <plots/quant_err_butter_2nd_10k_1mhz_inl-eps-converted-to.pdf>
(epstopdf)                    date: 2024-05-13 10:24:55
(epstopdf)                    size: 100402 bytes
(epstopdf)             Command: <repstopdf --outfile=plots/quant_err_butter_2nd_10k_1mhz_inl-eps-converted-to.pdf plots/quant_err_butter_2nd_10k_1mhz_inl.eps>
(epstopdf)             \includegraphics on input line 282.
Package epstopdf Info: Output file is already uptodate.
<plots/quant_err_butter_2nd_10k_1mhz_inl-eps-converted-to.pdf, id=199, 562.1pt x 421.575pt>
File: plots/quant_err_butter_2nd_10k_1mhz_inl-eps-converted-to.pdf Graphic file (type pdf)
<use plots/quant_err_butter_2nd_10k_1mhz_inl-eps-converted-to.pdf>
Package pdftex.def Info: plots/quant_err_butter_2nd_10k_1mhz_inl-eps-converted-to.pdf  used on input line 282.
(pdftex.def)             Requested size: 252.94266pt x 189.70699pt.

Overfull \hbox (22.4769pt too wide) in paragraph at lines 282--284
 [][] 
 []


Underfull \hbox (badness 1533) in paragraph at lines 284--284
[]\T1/cmr/m/n/10 Figure 6: |Butterworth Frequency response and
 []

Package epstopdf Info: Source file: <plots/quant_err_butter_2nd_100k_1mhz_inl.eps>
(epstopdf)                    date: 2024-05-13 10:30:45
(epstopdf)                    size: 283424 bytes
(epstopdf)             Output file: <plots/quant_err_butter_2nd_100k_1mhz_inl-eps-converted-to.pdf>
(epstopdf)                    date: 2024-05-13 10:38:45
(epstopdf)                    size: 97760 bytes
(epstopdf)             Command: <repstopdf --outfile=plots/quant_err_butter_2nd_100k_1mhz_inl-eps-converted-to.pdf plots/quant_err_butter_2nd_100k_1mhz_inl.eps>
(epstopdf)             \includegraphics on input line 289.
Package epstopdf Info: Output file is already uptodate.
<plots/quant_err_butter_2nd_100k_1mhz_inl-eps-converted-to.pdf, id=200, 562.1pt x 421.575pt>
File: plots/quant_err_butter_2nd_100k_1mhz_inl-eps-converted-to.pdf Graphic file (type pdf)
<use plots/quant_err_butter_2nd_100k_1mhz_inl-eps-converted-to.pdf>
Package pdftex.def Info: plots/quant_err_butter_2nd_100k_1mhz_inl-eps-converted-to.pdf  used on input line 289.
(pdftex.def)             Requested size: 252.94266pt x 189.70699pt.

Overfull \hbox (22.4769pt too wide) in paragraph at lines 289--292
 [][] 
 []


Underfull \hbox (badness 1533) in paragraph at lines 292--292
[]\T1/cmr/m/n/10 Figure 7: |Butterworth Frequency response and
 []

Package epstopdf Info: Source file: <plots/quant_err_butter_2nd_10k_10mhz_inl.eps>
(epstopdf)                    date: 2024-05-13 10:51:19
(epstopdf)                    size: 301651 bytes
(epstopdf)             Output file: <plots/quant_err_butter_2nd_10k_10mhz_inl-eps-converted-to.pdf>
(epstopdf)                    date: 2024-05-13 10:51:25
(epstopdf)                    size: 105234 bytes
(epstopdf)             Command: <repstopdf --outfile=plots/quant_err_butter_2nd_10k_10mhz_inl-eps-converted-to.pdf plots/quant_err_butter_2nd_10k_10mhz_inl.eps>
(epstopdf)             \includegraphics on input line 300.
Package epstopdf Info: Output file is already uptodate.
<plots/quant_err_butter_2nd_10k_10mhz_inl-eps-converted-to.pdf, id=201, 562.1pt x 421.575pt>
File: plots/quant_err_butter_2nd_10k_10mhz_inl-eps-converted-to.pdf Graphic file (type pdf)
<use plots/quant_err_butter_2nd_10k_10mhz_inl-eps-converted-to.pdf>
Package pdftex.def Info: plots/quant_err_butter_2nd_10k_10mhz_inl-eps-converted-to.pdf  used on input line 300.
(pdftex.def)             Requested size: 252.94266pt x 189.70699pt.

Overfull \hbox (22.4769pt too wide) in paragraph at lines 300--302
 [][] 
 []


Underfull \hbox (badness 1533) in paragraph at lines 302--302
[]\T1/cmr/m/n/10 Figure 8: |Butterworth Frequency response and
 []

Package epstopdf Info: Source file: <plots/quant_err_butter_2nd_100k_10mhz_inl.eps>
(epstopdf)                    date: 2024-05-13 10:53:27
(epstopdf)                    size: 297226 bytes
(epstopdf)             Output file: <plots/quant_err_butter_2nd_100k_10mhz_inl-eps-converted-to.pdf>
(epstopdf)                    date: 2024-05-13 10:53:32
(epstopdf)                    size: 104673 bytes
(epstopdf)             Command: <repstopdf --outfile=plots/quant_err_butter_2nd_100k_10mhz_inl-eps-converted-to.pdf plots/quant_err_butter_2nd_100k_10mhz_inl.eps>
(epstopdf)             \includegraphics on input line 307.
Package epstopdf Info: Output file is already uptodate.
<plots/quant_err_butter_2nd_100k_10mhz_inl-eps-converted-to.pdf, id=202, 562.1pt x 421.575pt>
File: plots/quant_err_butter_2nd_100k_10mhz_inl-eps-converted-to.pdf Graphic file (type pdf)
<use plots/quant_err_butter_2nd_100k_10mhz_inl-eps-converted-to.pdf>
Package pdftex.def Info: plots/quant_err_butter_2nd_100k_10mhz_inl-eps-converted-to.pdf  used on input line 307.
(pdftex.def)             Requested size: 252.94266pt x 189.70699pt.

Overfull \hbox (22.4769pt too wide) in paragraph at lines 307--310
 [][] 
 []


Underfull \hbox (badness 1533) in paragraph at lines 310--310
[]\T1/cmr/m/n/10 Figure 9: |Butterworth Frequency response and
 []

[4 <./plots/quant_err_butter_2nd_10k_1mhz_inl-eps-converted-to.pdf> <./plots/quant_err_butter_2nd_100k_1mhz_inl-eps-converted-to.pdf> <./plots/quant_err_butter_2nd_10k_10mhz_inl-eps-converted-to.pdf> <./plots/quant_err_butter_2nd_100k_10mhz_inl-eps-converted-to.pdf>]
<figures/nsq_error_feedback.pdf, id=229, 158.36179pt x 53.34805pt>
File: figures/nsq_error_feedback.pdf Graphic file (type pdf)
<use figures/nsq_error_feedback.pdf>
Package pdftex.def Info: figures/nsq_error_feedback.pdf  used on input line 319.
(pdftex.def)             Requested size: 316.72278pt x 106.6958pt.
 [5 <./figures/nsq_error_feedback.pdf>] [6] [7] [8]
Package epstopdf Info: Source file: <mat_plots/NO_butter_3_100khz_1Mhz_27_06_2024.eps>
(epstopdf)                    date: 2024-06-27 12:55:56
(epstopdf)                    size: 405335 bytes
(epstopdf)             Output file: <mat_plots/NO_butter_3_100khz_1Mhz_27_06_2024-eps-converted-to.pdf>
(epstopdf)                    date: 2024-06-27 12:56:33
(epstopdf)                    size: 109758 bytes
(epstopdf)             Command: <repstopdf --outfile=mat_plots/NO_butter_3_100khz_1Mhz_27_06_2024-eps-converted-to.pdf mat_plots/NO_butter_3_100khz_1Mhz_27_06_2024.eps>
(epstopdf)             \includegraphics on input line 612.
Package epstopdf Info: Output file is already uptodate.
<mat_plots/NO_butter_3_100khz_1Mhz_27_06_2024-eps-converted-to.pdf, id=325, 562.1pt x 421.575pt>
File: mat_plots/NO_butter_3_100khz_1Mhz_27_06_2024-eps-converted-to.pdf Graphic file (type pdf)
<use mat_plots/NO_butter_3_100khz_1Mhz_27_06_2024-eps-converted-to.pdf>
Package pdftex.def Info: mat_plots/NO_butter_3_100khz_1Mhz_27_06_2024-eps-converted-to.pdf  used on input line 612.
(pdftex.def)             Requested size: 252.94266pt x 189.70699pt.

Overfull \hbox (22.4769pt too wide) in paragraph at lines 612--613
 [][] 
 []

Package epstopdf Info: Source file: <mat_plots/O_butter_3_100khz_1Mhz_27_06_2024.eps>
(epstopdf)                    date: 2024-06-27 12:56:11
(epstopdf)                    size: 415002 bytes
(epstopdf)             Output file: <mat_plots/O_butter_3_100khz_1Mhz_27_06_2024-eps-converted-to.pdf>
(epstopdf)                    date: 2024-06-27 12:56:33
(epstopdf)                    size: 106903 bytes
(epstopdf)             Command: <repstopdf --outfile=mat_plots/O_butter_3_100khz_1Mhz_27_06_2024-eps-converted-to.pdf mat_plots/O_butter_3_100khz_1Mhz_27_06_2024.eps>
(epstopdf)             \includegraphics on input line 619.
Package epstopdf Info: Output file is already uptodate.
<mat_plots/O_butter_3_100khz_1Mhz_27_06_2024-eps-converted-to.pdf, id=326, 562.1pt x 421.575pt>
File: mat_plots/O_butter_3_100khz_1Mhz_27_06_2024-eps-converted-to.pdf Graphic file (type pdf)
<use mat_plots/O_butter_3_100khz_1Mhz_27_06_2024-eps-converted-to.pdf>
Package pdftex.def Info: mat_plots/O_butter_3_100khz_1Mhz_27_06_2024-eps-converted-to.pdf  used on input line 619.
(pdftex.def)             Requested size: 252.94266pt x 189.70699pt.

Overfull \hbox (22.4769pt too wide) in paragraph at lines 619--620
 [][] 
 []


Underfull \hbox (badness 1430) in paragraph at lines 620--620
[]\T1/cmr/m/n/10 Figure 12: |Frequency response: Optimal noise
 []

<psd_plots/direct.png, id=327, 426.393pt x 315.8199pt>
File: psd_plots/direct.png Graphic file (type png)
<use psd_plots/direct.png>
Package pdftex.def Info: psd_plots/direct.png  used on input line 666.
(pdftex.def)             Requested size: 247.3081pt x 183.17566pt.

Overfull \hbox (16.84235pt too wide) in paragraph at lines 666--667
 [][] 
 []

<psd_plots/dsm.png, id=329, 426.393pt x 315.8199pt>
File: psd_plots/dsm.png Graphic file (type png)
<use psd_plots/dsm.png>
Package pdftex.def Info: psd_plots/dsm.png  used on input line 673.
(pdftex.def)             Requested size: 255.83777pt x 189.4934pt.

Overfull \hbox (25.37201pt too wide) in paragraph at lines 673--674
 [][] 
 []


LaTeX Warning: `!h' float specifier changed to `!ht'.

<psd_plots/nsd.png, id=330, 422.0568pt x 315.8199pt>
File: psd_plots/nsd.png Graphic file (type png)
<use psd_plots/nsd.png>
Package pdftex.def Info: psd_plots/nsd.png  used on input line 682.
(pdftex.def)             Requested size: 253.23602pt x 189.4934pt.
<psd_plots/mpc.png, id=331, 422.0568pt x 315.8199pt>
File: psd_plots/mpc.png Graphic file (type png)
<use psd_plots/mpc.png>
Package pdftex.def Info: psd_plots/mpc.png  used on input line 689.
(pdftex.def)             Requested size: 253.23602pt x 189.4934pt.

Overfull \hbox (22.77026pt too wide) in paragraph at lines 689--690
 [][] 
 []


LaTeX Warning: `!h' float specifier changed to `!ht'.


LaTeX Warning: `!h' float specifier changed to `!ht'.


Package hyperref Warning: Token not allowed in a PDF string (Unicode):
(hyperref)                removing `math shift' on input line 716.


Package hyperref Warning: Token not allowed in a PDF string (Unicode):
(hyperref)                removing `\gamma' on input line 716.


Package hyperref Warning: Token not allowed in a PDF string (Unicode):
(hyperref)                removing `subscript' on input line 716.


Package hyperref Warning: Token not allowed in a PDF string (Unicode):
(hyperref)                removing `\eta' on input line 716.


Package hyperref Warning: Token not allowed in a PDF string (Unicode):
(hyperref)                removing `math shift' on input line 716.


Overfull \hbox (29.97404pt too wide) in paragraph at lines 720--740
 [][] 
 []

[9 <./mat_plots/NO_butter_3_100khz_1Mhz_27_06_2024-eps-converted-to.pdf> <./mat_plots/O_butter_3_100khz_1Mhz_27_06_2024-eps-converted-to.pdf>] [10 <./psd_plots/direct.png> <./psd_plots/dsm.png> <./psd_plots/nsd.png> <./psd_plots/mpc.png>]

Package hyperref Warning: Token not allowed in a PDF string (Unicode):
(hyperref)                removing `math shift' on input line 800.


Package hyperref Warning: Token not allowed in a PDF string (Unicode):
(hyperref)                removing `math shift' on input line 800.


Package hyperref Warning: Token not allowed in a PDF string (Unicode):
(hyperref)                removing `math shift' on input line 811.


Package hyperref Warning: Token not allowed in a PDF string (Unicode):
(hyperref)                removing `math shift' on input line 811.


Overfull \hbox (28.92358pt too wide) detected at line 846
[]
 []

[11] [12] (./main.bbl) [13] (./main.aux)
Package rerunfilecheck Info: File `main.out' has not changed.
(rerunfilecheck)             Checksum: 7F2B635F8304EEAF843E43A7AAE4DF1D;4505.
 ) 
Here is how much of TeX's memory you used:
 13710 strings out of 478268
 222770 string characters out of 5846347
 539103 words of memory out of 5000000
 31557 multiletter control sequences out of 15000+600000
 491360 words of font info for 88 fonts, out of 8000000 for 9000
 1141 hyphenation exceptions out of 8191
 67i,16n,77p,776b,487s stack positions out of 10000i,1000n,20000p,200000b,200000s
{/usr/local/texlive/2022/texmf-dist/fonts/enc/dvips/cm-super/cm-super-t1.enc}{/usr/local/texlive/2022/texmf-dist/fonts/enc/dvips/cm-super/cm-super-ts1.enc}</usr/local/texlive/2022/texmf-dist/fonts/type1/public/amsfonts/cm/cmbx10.pfb></usr/local/texlive/2022/texmf-dist/fonts/type1/public/amsfonts/cm/cmex10.pfb></usr/local/texlive/2022/texmf-dist/fonts/type1/public/amsfonts/cm/cmmi10.pfb></usr/local/texlive/2022/texmf-dist/fonts/type1/public/amsfonts/cm/cmmi12.pfb></usr/local/texlive/2022/texmf-dist/fonts/type1/public/amsfonts/cm/cmmi5.pfb></usr/local/texlive/2022/texmf-dist/fonts/type1/public/amsfonts/cm/cmmi7.pfb></usr/local/texlive/2022/texmf-dist/fonts/type1/public/amsfonts/cm/cmr10.pfb></usr/local/texlive/2022/texmf-dist/fonts/type1/public/amsfonts/cm/cmr12.pfb></usr/local/texlive/2022/texmf-dist/fonts/type1/public/amsfonts/cm/cmr5.pfb></usr/local/texlive/2022/texmf-dist/fonts/type1/public/amsfonts/cm/cmr7.pfb></usr/local/texlive/2022/texmf-dist/fonts/type1/public/amsfonts/cm/cmsy10.pfb></usr/local/texlive/2022/texmf-dist/fonts/type1/public/amsfonts/cm/cmsy5.pfb></usr/local/texlive/2022/texmf-dist/fonts/type1/public/amsfonts/cm/cmsy7.pfb></usr/local/texlive/2022/texmf-dist/fonts/type1/public/amsfonts/cm/cmti10.pfb></usr/local/texlive/2022/texmf-dist/fonts/type1/public/amsfonts/symbols/msbm10.pfb></usr/local/texlive/2022/texmf-dist/fonts/type1/public/amsfonts/symbols/msbm5.pfb></usr/local/texlive/2022/texmf-dist/fonts/type1/public/amsfonts/symbols/msbm7.pfb></usr/local/texlive/2022/texmf-dist/fonts/type1/public/cm-super/sfbx1000.pfb></usr/local/texlive/2022/texmf-dist/fonts/type1/public/cm-super/sfbx1200.pfb></usr/local/texlive/2022/texmf-dist/fonts/type1/public/cm-super/sfbx1440.pfb></usr/local/texlive/2022/texmf-dist/fonts/type1/public/cm-super/sfrm1000.pfb></usr/local/texlive/2022/texmf-dist/fonts/type1/public/cm-super/sfrm1200.pfb></usr/local/texlive/2022/texmf-dist/fonts/type1/public/cm-super/sfrm1728.pfb></usr/local/texlive/2022/texmf-dist/fonts/type1/public/cm-super/sfti1000.pfb>
Output written on main.pdf (13 pages, 1076807 bytes).
PDF statistics:
 522 PDF objects out of 1000 (max. 8388607)
 415 compressed objects within 5 object streams
 122 named destinations out of 1000 (max. 500000)
 265 words of extra memory for PDF output out of 10000 (max. 10000000)

