\BOOKMARK [1][-]{section.1}{\376\377\000Q\000u\000a\000n\000t\000i\000s\000a\000t\000i\000o\000n}{}% 1
\BOOKMARK [1][-]{section.2}{\376\377\000N\000o\000i\000s\000e\000\040\000s\000h\000a\000p\000i\000n\000g\000\040\000q\000u\000a\000n\000t\000i\000s\000e\000r}{}% 2
\BOOKMARK [1][-]{section.3}{\376\377\000M\000o\000v\000i\000n\000g\000\040\000h\000o\000r\000i\000z\000o\000n\000\040\000o\000p\000t\000i\000m\000a\000l\000\040\000q\000u\000a\000n\000t\000i\000s\000e\000r\000\040\000\050\000M\000H\000O\000Q\000\051}{}% 3
\BOOKMARK [2][-]{subsection.3.1}{\376\377\000A\000l\000t\000e\000r\000n\000a\000t\000i\000v\000e\000\040\000b\000i\000n\000a\000r\000y\000\040\000f\000o\000r\000m\000u\000l\000a\000t\000i\000o\000n}{section.3}% 4
\BOOKMARK [1][-]{section.4}{\376\377\000N\000o\000i\000s\000e\000\040\000T\000r\000a\000n\000s\000f\000e\000r\000\040\000F\000u\000n\000c\000t\000i\000o\000n\000\050\000N\000T\000F\000\051}{}% 5
\BOOKMARK [1][-]{section.5}{\376\377\000S\000p\000e\000c\000t\000r\000u\000m\000\040\000o\000f\000\040\000q\000u\000a\000n\000t\000i\000s\000a\000t\000i\000o\000n\000\040\000n\000o\000i\000s\000e}{}% 6
\BOOKMARK [1][-]{section.6}{\376\377\000S\000y\000n\000t\000h\000e\000s\000i\000s\000\040\000o\000f\000\040\000o\000p\000t\000i\000m\000a\000l\000\040\000n\000o\000i\000s\000e\000-\000s\000h\000a\000p\000i\000n\000g\000\040\000f\000i\000l\000t\000e\000r}{}% 7
\BOOKMARK [2][-]{subsection.6.1}{\376\377\000S\000o\000l\000u\000t\000i\000o\000n\000\040\0001\000:\000\040\000O\000p\000t\000i\000m\000a\000l\000\040\000n\000o\000i\000s\000e\000\040\000s\000h\000a\000p\000i\000n\000g\000\040\000f\000i\000l\000t\000e\000r\000\040\000w\000i\000t\000h\000o\000u\000t\000\040\000c\000o\000n\000s\000t\000r\000a\000i\000n\000t}{section.6}% 8
\BOOKMARK [2][-]{subsection.6.2}{\376\377\000S\000o\000l\000u\000t\000i\000o\000n\000\040\0002\000:\000\040\000O\000p\000t\000i\000m\000a\000l\000\040\000n\000o\000i\000s\000e\000\040\000s\000h\000a\000p\000i\000n\000g\000\040\000f\000i\000l\000t\000e\000r\000\040\000w\000i\000t\000h\000\040\000c\000o\000n\000s\000t\000r\000a\000i\000n\000t}{section.6}% 9
\BOOKMARK [3][-]{subsubsection.6.2.1}{\376\377\000S\000y\000s\000t\000e\000m}{subsection.6.2}% 10
\BOOKMARK [3][-]{subsubsection.6.2.2}{\376\377\000C\000o\000n\000s\000t\000r\000a\000i\000n\000t\000\040\0001}{subsection.6.2}% 11
\BOOKMARK [3][-]{subsubsection.6.2.3}{\376\377\000C\000o\000n\000s\000t\000r\000a\000i\000n\000t\000\040\0002}{subsection.6.2}% 12
\BOOKMARK [3][-]{subsubsection.6.2.4}{\376\377\000O\000p\000t\000i\000m\000i\000z\000a\000t\000i\000o\000n\000\040\000p\000r\000o\000b\000l\000e\000m\000:\000\040\000S\000t\000a\000t\000e\000\040\000S\000p\000a\000c\000e\000\040\000f\000o\000r\000m\000u\000l\000a\000t\000i\000o\000n}{subsection.6.2}% 13
\BOOKMARK [1][-]{section.7}{\376\377\000L\000M\000I\000\040\000S\000y\000n\000t\000h\000e\000s\000i\000s\000:\000\040\000C\000o\000n\000v\000e\000r\000t\000\040\000B\000M\000I\000s\000\040\000t\000o\000\040\000c\000o\000n\000v\000e\000x\000\040\000L\000M\000I\000s}{}% 14
\BOOKMARK [2][-]{subsection.7.1}{\376\377\000O\000p\000t\000i\000m\000i\000z\000a\000t\000i\000o\000n\000\040\000P\000r\000o\000b\000l\000e\000m\000:}{section.7}% 15
\BOOKMARK [1][-]{section.8}{\376\377\000S\000i\000m\000u\000l\000a\000t\000i\000o\000n\000:\000\040\000O\000p\000t\000i\000m\000a\000l\000\040\000n\000o\000i\000s\000e\000\040\000s\000h\000a\000p\000i\000n\000g}{}% 16
\BOOKMARK [2][-]{subsection.8.1}{\376\377\000S\000i\000m\000u\000l\000a\000t\000i\000o\000n\000\040\0001\000:}{section.8}% 17
\BOOKMARK [2][-]{subsection.8.2}{\376\377\000S\000i\000m\000u\000l\000a\000t\000i\000o\000n\000\040\0002\000:}{section.8}% 18
\BOOKMARK [1][-]{section.9}{\376\377\000N\000S\000D\000\040\000p\000e\000r\000f\000o\000r\000m\000a\000n\000c\000e\000:\000\040\000E\000N\000O\000B\000\040\000v\000s\000\040}{}% 19
\BOOKMARK [1][-]{section.10}{\376\377\000C\000l\000o\000s\000e\000d\000\040\000F\000o\000r\000m\000\040\000S\000o\000l\000u\000t\000i\000o\000n\000:}{}% 20
\BOOKMARK [2][-]{subsection.10.1}{\376\377\000\040\000P\000r\000e\000d\000i\000c\000t\000i\000o\000n\000\040\000h\000o\000r\000i\000z\000o\000n\000\040\000N\000\040\000=\000\040\0001\000:}{section.10}% 21
\BOOKMARK [2][-]{subsection.10.2}{\376\377\000P\000r\000e\000d\000i\000c\000t\000i\000o\000n\000\040\000h\000o\000r\000i\000z\000o\000n\000\040\000N\000=\0002\000:}{section.10}% 22
\BOOKMARK [1][-]{section.11}{\376\377\000S\000c\000r\000i\000b\000b\000l\000e}{}% 23
